2021-11-06T20:52:47.274Z info: INICIALIZANDO SERVIDOR
2021-11-06T20:52:47.655Z info: INICIALIZANDO BANCO DE DADOS
2021-11-06T20:52:47.662Z info: BANCO DE DADOS ONLINE
2021-11-06T20:52:47.673Z info: SERVIDOR ONLINE
2021-11-06T20:52:47.673Z info: Aguardando requisições em: https://michaeldouglas.burrow.link
2021-11-06T22:43:06.538Z info: ESP CONECTADA
2021-11-06T22:43:06.539Z info: UUID: 784d7f23-1cad-4be8-bd95-ca16557f0edf
2021-11-06T22:43:06.539Z info: LATITUDE: 0
2021-11-06T22:43:06.539Z info: LONGITUDE: 0
2021-11-06T22:43:06.621Z info: LOCALIZAÇÃO GRAVADA: LATITUDE 0 - LONGITUDE 0
2021-11-06T22:43:45.829Z info: ESP CONECTADA
2021-11-06T22:43:45.829Z info: UUID: 784d7f23-1cad-4be8-bd95-ca16557f0edf
2021-11-06T22:43:45.830Z info: LATITUDE: 0
2021-11-06T22:43:45.830Z info: LONGITUDE: 0
2021-11-06T22:43:45.849Z info: LOCALIZAÇÃO GRAVADA: LATITUDE 0 - LONGITUDE 0
2021-11-06T22:44:04.866Z info: ESP CONECTADA
2021-11-06T22:44:04.867Z info: UUID: 784d7f23-1cad-4be8-bd95-ca16557f0edf
2021-11-06T22:44:04.868Z info: LATITUDE: 0
2021-11-06T22:44:04.869Z info: LONGITUDE: 0
2021-11-06T22:44:04.907Z info: LOCALIZAÇÃO GRAVADA: LATITUDE 0 - LONGITUDE 0
2021-11-06T22:44:27.181Z info: ESP CONECTADA
2021-11-06T22:44:27.183Z info: UUID: 784d7f23-1cad-4be8-bd95-ca16557f0edf
2021-11-06T22:44:27.184Z info: LATITUDE: 0
2021-11-06T22:44:27.184Z info: LONGITUDE: 0
2021-11-06T22:44:27.214Z info: LOCALIZAÇÃO GRAVADA: LATITUDE 0 - LONGITUDE 0
2021-11-06T22:44:55.022Z info: ESP CONECTADA
2021-11-06T22:44:55.022Z info: UUID: 784d7f23-1cad-4be8-bd95-ca16557f0edf
2021-11-06T22:44:55.023Z info: LATITUDE: 0
2021-11-06T22:44:55.023Z info: LONGITUDE: 0
2021-11-06T22:44:55.042Z info: LOCALIZAÇÃO GRAVADA: LATITUDE 0 - LONGITUDE 0
2021-11-06T22:45:33.134Z info: ESP CONECTADA
2021-11-06T22:45:33.135Z info: UUID: 784d7f23-1cad-4be8-bd95-ca16557f0edf
2021-11-06T22:45:33.137Z info: LATITUDE: 0
2021-11-06T22:45:33.138Z info: LONGITUDE: 0
2021-11-06T22:45:33.172Z info: LOCALIZAÇÃO GRAVADA: LATITUDE 0 - LONGITUDE 0
2021-11-06T22:45:45.505Z info: ESP CONECTADA
2021-11-06T22:45:45.506Z info: UUID: 784d7f23-1cad-4be8-bd95-ca16557f0edf
2021-11-06T22:45:45.506Z info: LATITUDE: 0
2021-11-06T22:45:45.507Z info: LONGITUDE: 0
2021-11-06T22:45:45.534Z info: LOCALIZAÇÃO GRAVADA: LATITUDE 0 - LONGITUDE 0
2021-11-06T22:46:20.437Z info: ESP CONECTADA
2021-11-06T22:46:20.439Z info: UUID: 784d7f23-1cad-4be8-bd95-ca16557f0edf
2021-11-06T22:46:20.440Z info: LATITUDE: 0
2021-11-06T22:46:20.442Z info: LONGITUDE: 0
2021-11-06T22:46:20.466Z info: LOCALIZAÇÃO GRAVADA: LATITUDE 0 - LONGITUDE 0
2021-11-06T22:46:40.517Z info: ESP CONECTADA
2021-11-06T22:46:40.518Z info: UUID: 784d7f23-1cad-4be8-bd95-ca16557f0edf
2021-11-06T22:46:40.520Z info: LATITUDE: 0
2021-11-06T22:46:40.521Z info: LONGITUDE: 0
2021-11-06T22:46:40.551Z info: LOCALIZAÇÃO GRAVADA: LATITUDE 0 - LONGITUDE 0
2021-11-06T22:48:39.519Z info: ESP CONECTADA
2021-11-06T22:48:39.519Z info: UUID: 784d7f23-1cad-4be8-bd95-ca16557f0edf
2021-11-06T22:48:39.520Z info: LATITUDE: -26.91955
2021-11-06T22:48:39.520Z info: LONGITUDE: -48.67615
2021-11-06T22:48:39.534Z info: LOCALIZAÇÃO GRAVADA: LATITUDE -26.91955 - LONGITUDE -48.67615
2021-11-06T22:51:16.807Z info: ESP CONECTADA
2021-11-06T22:51:16.808Z info: UUID: 784d7f23-1cad-4be8-bd95-ca16557f0edf
2021-11-06T22:51:16.810Z info: LATITUDE: -26.91954
2021-11-06T22:51:16.811Z info: LONGITUDE: -48.67614
2021-11-06T22:51:16.841Z info: LOCALIZAÇÃO GRAVADA: LATITUDE -26.91954 - LONGITUDE -48.67614
2021-11-06T22:55:06.857Z info: ESP CONECTADA
2021-11-06T22:55:06.858Z info: UUID: 784d7f23-1cad-4be8-bd95-ca16557f0edf
2021-11-06T22:55:06.858Z info: LATITUDE: -26.91991
2021-11-06T22:55:06.858Z info: LONGITUDE: -48.67616
2021-11-06T22:55:06.876Z info: LOCALIZAÇÃO GRAVADA: LATITUDE -26.91991 - LONGITUDE -48.67616
2021-11-06T22:58:11.456Z info: ESP CONECTADA
2021-11-06T22:58:11.457Z info: UUID: 784d7f23-1cad-4be8-bd95-ca16557f0edf
2021-11-06T22:58:11.457Z info: LATITUDE: -26.92024
2021-11-06T22:58:11.457Z info: LONGITUDE: -48.67622
2021-11-06T22:58:11.471Z info: LOCALIZAÇÃO GRAVADA: LATITUDE -26.92024 - LONGITUDE -48.67622
2021-11-06T23:00:08.043Z info: ESP CONECTADA
2021-11-06T23:00:08.044Z info: UUID: 784d7f23-1cad-4be8-bd95-ca16557f0edf
2021-11-06T23:00:08.046Z info: LATITUDE: -26.92056
2021-11-06T23:00:08.047Z info: LONGITUDE: -48.67622
2021-11-06T23:00:08.079Z info: LOCALIZAÇÃO GRAVADA: LATITUDE -26.92056 - LONGITUDE -48.67622
2021-11-06T23:02:16.048Z info: ESP CONECTADA
2021-11-06T23:02:16.048Z info: UUID: 784d7f23-1cad-4be8-bd95-ca16557f0edf
2021-11-06T23:02:16.048Z info: LATITUDE: -26.9211
2021-11-06T23:02:16.049Z info: LONGITUDE: -48.67645
2021-11-06T23:02:16.065Z info: LOCALIZAÇÃO GRAVADA: LATITUDE -26.9211 - LONGITUDE -48.67645
2021-11-06T23:04:10.508Z info: ESP CONECTADA
2021-11-06T23:04:10.508Z info: UUID: 784d7f23-1cad-4be8-bd95-ca16557f0edf
2021-11-06T23:04:10.509Z info: LATITUDE: -26.92114
2021-11-06T23:04:10.509Z info: LONGITUDE: -48.67624
2021-11-06T23:04:10.529Z info: LOCALIZAÇÃO GRAVADA: LATITUDE -26.92114 - LONGITUDE -48.67624
2021-11-06T23:06:19.018Z info: ESP CONECTADA
2021-11-06T23:06:19.019Z info: UUID: 784d7f23-1cad-4be8-bd95-ca16557f0edf
2021-11-06T23:06:19.021Z info: LATITUDE: -26.92086
2021-11-06T23:06:19.022Z info: LONGITUDE: -48.67582
2021-11-06T23:06:19.052Z info: LOCALIZAÇÃO GRAVADA: LATITUDE -26.92086 - LONGITUDE -48.67582
2021-11-06T23:08:18.017Z info: ESP CONECTADA
2021-11-06T23:08:18.018Z info: UUID: 784d7f23-1cad-4be8-bd95-ca16557f0edf
2021-11-06T23:08:18.019Z info: LATITUDE: -26.92035
2021-11-06T23:08:18.021Z info: LONGITUDE: -48.67571
2021-11-06T23:08:18.051Z info: LOCALIZAÇÃO GRAVADA: LATITUDE -26.92035 - LONGITUDE -48.67571
2021-11-06T23:09:35.421Z info: ESP CONECTADA
2021-11-06T23:09:35.422Z info: UUID: 784d7f23-1cad-4be8-bd95-ca16557f0edf
2021-11-06T23:09:35.423Z info: LATITUDE: -26.92007
2021-11-06T23:09:35.426Z info: LONGITUDE: -48.67569
2021-11-06T23:09:35.454Z info: LOCALIZAÇÃO GRAVADA: LATITUDE -26.92007 - LONGITUDE -48.67569
2021-11-06T23:10:40.746Z info: ESP CONECTADA
2021-11-06T23:10:40.748Z info: UUID: 784d7f23-1cad-4be8-bd95-ca16557f0edf
2021-11-06T23:10:40.750Z info: LATITUDE: -26.91972
2021-11-06T23:10:40.753Z info: LONGITUDE: -48.67567
2021-11-06T23:10:40.781Z info: LOCALIZAÇÃO GRAVADA: LATITUDE -26.91972 - LONGITUDE -48.67567
2021-11-06T23:12:23.040Z info: ESP CONECTADA
2021-11-06T23:12:23.042Z info: UUID: 784d7f23-1cad-4be8-bd95-ca16557f0edf
2021-11-06T23:12:23.045Z info: LATITUDE: -26.91933
2021-11-06T23:12:23.046Z info: LONGITUDE: -48.6756
2021-11-06T23:12:23.065Z info: LOCALIZAÇÃO GRAVADA: LATITUDE -26.91933 - LONGITUDE -48.6756
2021-11-06T23:14:15.918Z info: ESP CONECTADA
2021-11-06T23:14:15.919Z info: UUID: 784d7f23-1cad-4be8-bd95-ca16557f0edf
2021-11-06T23:14:15.921Z info: LATITUDE: -26.91913
2021-11-06T23:14:15.924Z info: LONGITUDE: -48.67596
2021-11-06T23:14:15.952Z info: LOCALIZAÇÃO GRAVADA: LATITUDE -26.91913 - LONGITUDE -48.67596
2021-11-07T21:15:29.569Z info: INICIALIZANDO SERVIDOR
2021-11-07T21:15:30.236Z info: INICIALIZANDO BANCO DE DADOS
2021-11-07T21:15:30.254Z info: BANCO DE DADOS ONLINE
2021-11-07T21:15:30.279Z info: SERVIDOR ONLINE
2021-11-07T21:15:30.280Z info: Aguardando requisições em: https://michaeldouglas.burrow.link
2021-11-07T21:34:39.757Z info: latitde: -26.91944 - longitude -48.67646 - tem obstaculo: false
2021-11-07T21:34:44.163Z info: latitde: -26.91944 - longitude -48.67645 - tem obstaculo: false
2021-11-07T21:34:48.125Z info: latitde: -26.91947 - longitude -48.67643 - tem obstaculo: false
2021-11-07T21:34:52.154Z info: latitde: -26.91949 - longitude -48.67643 - tem obstaculo: false
2021-11-07T21:34:56.257Z info: latitde: -26.91953 - longitude -48.67641 - tem obstaculo: false
2021-11-07T21:35:00.839Z info: latitde: -26.91952 - longitude -48.67642 - tem obstaculo: false
2021-11-07T21:35:04.693Z info: latitde: -26.91951 - longitude -48.67643 - tem obstaculo: false
2021-11-07T21:35:08.810Z info: latitde: -26.91949 - longitude -48.67644 - tem obstaculo: false
2021-11-07T21:35:13.390Z info: latitde: -26.91949 - longitude -48.67645 - tem obstaculo: false
2021-11-07T21:35:17.500Z info: latitde: -26.91949 - longitude -48.67645 - tem obstaculo: false
2021-11-07T21:35:21.234Z info: latitde: -26.91949 - longitude -48.67646 - tem obstaculo: false
2021-11-07T21:35:25.071Z info: latitde: -26.91949 - longitude -48.67646 - tem obstaculo: false
2021-11-07T21:35:29.112Z info: latitde: -26.91949 - longitude -48.67646 - tem obstaculo: false
2021-11-07T21:35:33.284Z info: latitde: -26.91949 - longitude -48.67646 - tem obstaculo: false
2021-11-07T21:35:37.276Z info: latitde: -26.91949 - longitude -48.67647 - tem obstaculo: false
2021-11-07T21:35:41.482Z info: latitde: -26.91947 - longitude -48.67648 - tem obstaculo: false
2021-11-07T21:35:45.243Z info: latitde: -26.91947 - longitude -48.67646 - tem obstaculo: false
2021-11-07T21:35:49.035Z info: latitde: -26.91947 - longitude -48.67646 - tem obstaculo: false
2021-11-07T21:35:52.747Z info: latitde: -26.91947 - longitude -48.67648 - tem obstaculo: false
2021-11-07T21:35:56.442Z info: latitde: -26.91947 - longitude -48.67649 - tem obstaculo: false
2021-11-07T21:36:00.127Z info: latitde: -26.91947 - longitude -48.67648 - tem obstaculo: false
2021-11-07T21:36:03.827Z info: latitde: -26.91947 - longitude -48.67647 - tem obstaculo: false
2021-11-07T21:36:07.459Z info: latitde: -26.91947 - longitude -48.67647 - tem obstaculo: false
2021-11-07T21:36:11.210Z info: latitde: -26.91947 - longitude -48.67646 - tem obstaculo: false
2021-11-07T21:36:14.858Z info: latitde: -26.91947 - longitude -48.67646 - tem obstaculo: false
2021-11-07T21:36:18.604Z info: latitde: -26.91947 - longitude -48.67646 - tem obstaculo: false
2021-11-07T21:36:22.451Z info: latitde: -26.91947 - longitude -48.67646 - tem obstaculo: false
2021-11-07T21:36:26.225Z info: latitde: -26.91948 - longitude -48.67645 - tem obstaculo: false
2021-11-07T21:36:30.024Z info: latitde: -26.91947 - longitude -48.67646 - tem obstaculo: false
2021-11-07T21:36:33.682Z info: latitde: -26.91947 - longitude -48.67647 - tem obstaculo: false
2021-11-07T21:36:37.383Z info: latitde: -26.91948 - longitude -48.67646 - tem obstaculo: false
2021-11-07T21:36:41.039Z info: latitde: -26.91949 - longitude -48.67645 - tem obstaculo: false
2021-11-07T21:36:44.754Z info: latitde: -26.91948 - longitude -48.67647 - tem obstaculo: false
2021-11-07T21:36:48.418Z info: latitde: -26.91948 - longitude -48.67646 - tem obstaculo: false
2021-11-07T21:36:52.081Z info: latitde: -26.91948 - longitude -48.67648 - tem obstaculo: false
2021-11-07T21:36:55.804Z info: latitde: -26.91948 - longitude -48.67648 - tem obstaculo: false
2021-11-07T21:36:59.478Z info: latitde: -26.91948 - longitude -48.67648 - tem obstaculo: false
2021-11-07T21:37:03.152Z info: latitde: -26.91949 - longitude -48.67647 - tem obstaculo: false
2021-11-07T21:37:06.850Z info: latitde: -26.9195 - longitude -48.67648 - tem obstaculo: false
2021-11-07T21:37:10.524Z info: latitde: -26.9195 - longitude -48.67648 - tem obstaculo: false
2021-11-07T21:37:14.210Z info: latitde: -26.91949 - longitude -48.67648 - tem obstaculo: false
2021-11-07T21:37:17.893Z info: latitde: -26.9195 - longitude -48.67649 - tem obstaculo: false
2021-11-07T21:37:21.602Z info: latitde: -26.9195 - longitude -48.67649 - tem obstaculo: false
2021-11-07T21:37:25.347Z info: latitde: -26.91947 - longitude -48.67649 - tem obstaculo: false
2021-11-07T21:37:28.981Z info: latitde: -26.91944 - longitude -48.67649 - tem obstaculo: false
2021-11-07T21:37:32.658Z info: latitde: -26.91944 - longitude -48.67649 - tem obstaculo: false
2021-11-07T21:37:36.321Z info: latitde: -26.91944 - longitude -48.67649 - tem obstaculo: false
2021-11-07T21:37:40.019Z info: latitde: -26.91945 - longitude -48.67651 - tem obstaculo: false
2021-11-07T21:37:43.720Z info: latitde: -26.91945 - longitude -48.6765 - tem obstaculo: false
2021-11-07T21:37:47.410Z info: latitde: -26.91947 - longitude -48.67649 - tem obstaculo: false
2021-11-07T21:37:51.088Z info: latitde: -26.9195 - longitude -48.67649 - tem obstaculo: false
2021-11-07T21:37:54.793Z info: latitde: -26.91952 - longitude -48.67647 - tem obstaculo: false
2021-11-07T21:37:58.493Z info: latitde: -26.91954 - longitude -48.67647 - tem obstaculo: false
2021-11-07T21:38:02.124Z info: latitde: -26.91954 - longitude -48.67646 - tem obstaculo: false
2021-11-07T21:38:05.792Z info: latitde: -26.91954 - longitude -48.67646 - tem obstaculo: false
2021-11-07T21:38:09.538Z info: latitde: -26.91954 - longitude -48.67646 - tem obstaculo: false
2021-11-07T21:38:13.200Z info: latitde: -26.91953 - longitude -48.67646 - tem obstaculo: false
2021-11-07T21:38:16.901Z info: latitde: -26.91951 - longitude -48.67643 - tem obstaculo: false
2021-11-07T21:38:20.580Z info: latitde: -26.91951 - longitude -48.67643 - tem obstaculo: false
2021-11-07T21:38:24.238Z info: latitde: -26.91951 - longitude -48.67642 - tem obstaculo: false
2021-11-07T21:38:27.987Z info: latitde: -26.91951 - longitude -48.67641 - tem obstaculo: false
2021-11-07T21:38:31.638Z info: latitde: -26.91951 - longitude -48.67641 - tem obstaculo: false
2021-11-07T21:38:35.370Z info: latitde: -26.9195 - longitude -48.6764 - tem obstaculo: false
2021-11-07T21:38:39.002Z info: latitde: -26.91949 - longitude -48.6764 - tem obstaculo: false
2021-11-07T21:38:42.701Z info: latitde: -26.91949 - longitude -48.6764 - tem obstaculo: false
2021-11-07T21:38:46.372Z info: latitde: -26.91949 - longitude -48.67639 - tem obstaculo: false
2021-11-07T21:38:50.077Z info: latitde: -26.91949 - longitude -48.67639 - tem obstaculo: false
2021-11-07T21:38:53.757Z info: latitde: -26.91949 - longitude -48.67639 - tem obstaculo: false
2021-11-07T21:38:57.455Z info: latitde: -26.91949 - longitude -48.6764 - tem obstaculo: false
2021-11-07T21:39:01.110Z info: latitde: -26.91948 - longitude -48.67639 - tem obstaculo: false
2021-11-07T21:39:04.828Z info: latitde: -26.91949 - longitude -48.6764 - tem obstaculo: false
2021-11-07T21:39:08.500Z info: latitde: -26.91949 - longitude -48.6764 - tem obstaculo: false
2021-11-07T21:39:12.199Z info: latitde: -26.91951 - longitude -48.6764 - tem obstaculo: false
2021-11-07T21:39:15.877Z info: latitde: -26.9195 - longitude -48.67639 - tem obstaculo: false
2021-11-07T21:39:19.572Z info: latitde: -26.91943 - longitude -48.6764 - tem obstaculo: false
2021-11-07T21:39:23.252Z info: latitde: -26.91944 - longitude -48.67639 - tem obstaculo: false
2021-11-07T21:39:26.931Z info: latitde: -26.91939 - longitude -48.67643 - tem obstaculo: false
2021-11-07T21:39:30.599Z info: latitde: -26.91939 - longitude -48.67643 - tem obstaculo: false
2021-11-07T21:39:34.286Z info: latitde: -26.91939 - longitude -48.6764 - tem obstaculo: false
2021-11-07T21:39:37.996Z info: latitde: -26.91936 - longitude -48.67638 - tem obstaculo: false
2021-11-07T21:39:41.675Z info: latitde: -26.91936 - longitude -48.67638 - tem obstaculo: false
2021-11-07T21:39:45.395Z info: latitde: -26.91935 - longitude -48.67629 - tem obstaculo: false
2021-11-07T21:39:49.033Z info: latitde: -26.91936 - longitude -48.67627 - tem obstaculo: false
2021-11-07T21:39:52.721Z info: latitde: -26.91936 - longitude -48.67627 - tem obstaculo: false
2021-11-07T21:39:56.409Z info: latitde: -26.91935 - longitude -48.67625 - tem obstaculo: false
2021-11-07T21:40:00.084Z info: latitde: -26.91935 - longitude -48.67625 - tem obstaculo: false
2021-11-07T21:40:03.794Z info: latitde: -26.91936 - longitude -48.6762 - tem obstaculo: false
2021-11-07T21:40:07.562Z info: latitde: -26.91936 - longitude -48.6762 - tem obstaculo: false
2021-11-07T21:40:11.418Z info: latitde: -26.91938 - longitude -48.67619 - tem obstaculo: false
2021-11-07T21:40:15.059Z info: latitde: -26.91939 - longitude -48.6762 - tem obstaculo: false
2021-11-07T21:40:18.750Z info: latitde: -26.91942 - longitude -48.67618 - tem obstaculo: false
2021-11-07T21:40:22.419Z info: latitde: -26.91945 - longitude -48.67616 - tem obstaculo: false
2021-11-07T21:40:26.147Z info: latitde: -26.91949 - longitude -48.67615 - tem obstaculo: false
2021-11-07T21:40:29.807Z info: latitde: -26.91952 - longitude -48.67616 - tem obstaculo: false
2021-11-07T21:40:33.487Z info: latitde: -26.91955 - longitude -48.67616 - tem obstaculo: false
2021-11-07T21:40:37.168Z info: latitde: -26.91956 - longitude -48.67616 - tem obstaculo: false
2021-11-07T21:40:40.852Z info: latitde: -26.91956 - longitude -48.67615 - tem obstaculo: true
2021-11-07T21:40:46.597Z info: latitde: -26.91956 - longitude -48.67615 - tem obstaculo: true
2021-11-07T21:40:52.622Z info: latitde: -26.91956 - longitude -48.67616 - tem obstaculo: false
2021-11-07T21:40:56.207Z info: latitde: -26.91957 - longitude -48.67616 - tem obstaculo: false
2021-11-07T21:41:02.221Z info: latitde: -26.91958 - longitude -48.67617 - tem obstaculo: false
2021-11-07T21:41:05.840Z info: latitde: -26.91958 - longitude -48.67617 - tem obstaculo: false
2021-11-07T21:41:09.521Z info: latitde: -26.91958 - longitude -48.67617 - tem obstaculo: false
2021-11-07T21:41:13.206Z info: latitde: -26.91964 - longitude -48.67615 - tem obstaculo: false
2021-11-07T21:41:16.881Z info: latitde: -26.91966 - longitude -48.67615 - tem obstaculo: false
2021-11-07T21:41:20.612Z info: latitde: -26.91966 - longitude -48.67615 - tem obstaculo: false
2021-11-07T21:41:24.284Z info: latitde: -26.9197 - longitude -48.67617 - tem obstaculo: false
2021-11-07T21:41:27.962Z info: latitde: -26.91972 - longitude -48.67617 - tem obstaculo: false
2021-11-07T21:41:31.635Z info: latitde: -26.91974 - longitude -48.67617 - tem obstaculo: false
2021-11-07T21:41:35.320Z info: latitde: -26.91976 - longitude -48.67618 - tem obstaculo: false
2021-11-07T21:41:39.002Z info: latitde: -26.91978 - longitude -48.67618 - tem obstaculo: false
2021-11-07T21:41:42.681Z info: latitde: -26.9198 - longitude -48.67619 - tem obstaculo: false
2021-11-07T21:41:46.397Z info: latitde: -26.91982 - longitude -48.67619 - tem obstaculo: false
2021-11-07T21:41:50.076Z info: latitde: -26.91985 - longitude -48.67619 - tem obstaculo: false
2021-11-07T21:41:53.760Z info: latitde: -26.91987 - longitude -48.67618 - tem obstaculo: false
2021-11-07T21:41:57.441Z info: latitde: -26.91989 - longitude -48.67618 - tem obstaculo: false
2021-11-07T21:42:01.121Z info: latitde: -26.91989 - longitude -48.67617 - tem obstaculo: false
2021-11-07T21:42:04.798Z info: latitde: -26.91989 - longitude -48.67616 - tem obstaculo: false
2021-11-07T21:42:08.518Z info: latitde: -26.91989 - longitude -48.67616 - tem obstaculo: false
2021-11-07T21:42:12.198Z info: latitde: -26.91988 - longitude -48.67618 - tem obstaculo: false
2021-11-07T21:42:15.884Z info: latitde: -26.91987 - longitude -48.67618 - tem obstaculo: false
2021-11-07T21:42:19.582Z info: latitde: -26.91987 - longitude -48.67618 - tem obstaculo: false
2021-11-07T21:42:23.247Z info: latitde: -26.91987 - longitude -48.67617 - tem obstaculo: false
2021-11-07T21:42:26.973Z info: latitde: -26.91987 - longitude -48.67617 - tem obstaculo: false
2021-11-07T21:42:30.639Z info: latitde: -26.91987 - longitude -48.67617 - tem obstaculo: false
2021-11-07T21:42:34.320Z info: latitde: -26.91989 - longitude -48.67613 - tem obstaculo: false
2021-11-07T21:42:38.013Z info: latitde: -26.91987 - longitude -48.67619 - tem obstaculo: false
2021-11-07T21:42:41.684Z info: latitde: -26.91986 - longitude -48.67623 - tem obstaculo: false
2021-11-07T21:42:45.354Z info: latitde: -26.91986 - longitude -48.6762 - tem obstaculo: false
2021-11-07T21:42:49.080Z info: latitde: -26.91987 - longitude -48.6762 - tem obstaculo: false
2021-11-07T21:42:52.756Z info: latitde: -26.91987 - longitude -48.67619 - tem obstaculo: false
2021-11-07T21:42:56.441Z info: latitde: -26.91988 - longitude -48.67618 - tem obstaculo: false
2021-11-07T21:43:00.121Z info: latitde: -26.91988 - longitude -48.67619 - tem obstaculo: false
2021-11-07T21:43:03.791Z info: latitde: -26.9199 - longitude -48.67616 - tem obstaculo: true
2021-11-07T21:43:09.485Z info: latitde: -26.9199 - longitude -48.67616 - tem obstaculo: true
2021-11-07T21:43:15.235Z info: latitde: -26.91991 - longitude -48.67615 - tem obstaculo: true
2021-11-07T21:43:20.964Z info: latitde: -26.91993 - longitude -48.67615 - tem obstaculo: true
2021-11-07T21:43:26.677Z info: latitde: -26.91993 - longitude -48.67615 - tem obstaculo: true
2021-11-07T21:43:32.440Z info: latitde: -26.91998 - longitude -48.67618 - tem obstaculo: false
2021-11-07T21:43:36.159Z info: latitde: -26.92001 - longitude -48.67619 - tem obstaculo: false
2021-11-07T21:43:39.840Z info: latitde: -26.92004 - longitude -48.67619 - tem obstaculo: false
2021-11-07T21:43:43.517Z info: latitde: -26.92006 - longitude -48.67619 - tem obstaculo: false
2021-11-07T21:43:47.252Z info: latitde: -26.92009 - longitude -48.67619 - tem obstaculo: false
2021-11-07T21:43:50.918Z info: latitde: -26.92012 - longitude -48.67619 - tem obstaculo: false
2021-11-07T21:43:54.595Z info: latitde: -26.92012 - longitude -48.67619 - tem obstaculo: false
2021-11-07T21:43:58.280Z info: latitde: -26.92016 - longitude -48.67619 - tem obstaculo: false
2021-11-07T21:44:01.961Z info: latitde: -26.92019 - longitude -48.6762 - tem obstaculo: false
2021-11-07T21:44:05.638Z info: latitde: -26.92019 - longitude -48.6762 - tem obstaculo: false
2021-11-07T21:44:09.340Z info: latitde: -26.92021 - longitude -48.67618 - tem obstaculo: false
2021-11-07T21:44:13.041Z info: latitde: -26.92021 - longitude -48.67619 - tem obstaculo: false
2021-11-07T21:44:16.729Z info: latitde: -26.92021 - longitude -48.67619 - tem obstaculo: false
2021-11-07T21:44:20.411Z info: latitde: -26.92021 - longitude -48.67618 - tem obstaculo: false
2021-11-07T21:44:24.071Z info: latitde: -26.92021 - longitude -48.67618 - tem obstaculo: false
2021-11-07T21:44:27.759Z info: latitde: -26.9202 - longitude -48.67618 - tem obstaculo: false
2021-11-07T21:44:31.484Z info: latitde: -26.9202 - longitude -48.67619 - tem obstaculo: false
2021-11-07T21:44:35.172Z info: latitde: -26.92019 - longitude -48.67619 - tem obstaculo: false
2021-11-07T21:44:38.839Z info: latitde: -26.9202 - longitude -48.6762 - tem obstaculo: false
2021-11-07T21:44:42.518Z info: latitde: -26.9202 - longitude -48.6762 - tem obstaculo: false
2021-11-07T21:44:46.195Z info: latitde: -26.92019 - longitude -48.6762 - tem obstaculo: false
2021-11-07T21:44:49.877Z info: latitde: -26.92019 - longitude -48.6762 - tem obstaculo: false
2021-11-07T21:44:53.560Z info: latitde: -26.92019 - longitude -48.6762 - tem obstaculo: false
2021-11-07T21:44:57.259Z info: latitde: -26.92019 - longitude -48.67622 - tem obstaculo: false
2021-11-07T21:45:00.953Z info: latitde: -26.92018 - longitude -48.67623 - tem obstaculo: false
2021-11-07T21:45:04.639Z info: latitde: -26.92018 - longitude -48.67623 - tem obstaculo: false
2021-11-07T21:45:08.317Z info: latitde: -26.92019 - longitude -48.67622 - tem obstaculo: false
2021-11-07T21:45:12.008Z info: latitde: -26.92019 - longitude -48.67622 - tem obstaculo: false
2021-11-07T21:45:15.678Z info: latitde: -26.92019 - longitude -48.67621 - tem obstaculo: false
2021-11-07T21:45:19.417Z info: latitde: -26.9202 - longitude -48.6762 - tem obstaculo: false
2021-11-07T21:45:23.076Z info: latitde: -26.9202 - longitude -48.6762 - tem obstaculo: false
2021-11-07T21:45:26.755Z info: latitde: -26.9202 - longitude -48.6762 - tem obstaculo: false
2021-11-07T21:45:30.441Z info: latitde: -26.9202 - longitude -48.6762 - tem obstaculo: false
2021-11-07T21:45:34.112Z info: latitde: -26.9202 - longitude -48.6762 - tem obstaculo: false
2021-11-07T21:45:37.799Z info: latitde: -26.92019 - longitude -48.6762 - tem obstaculo: false
2021-11-07T21:45:41.534Z info: latitde: -26.92019 - longitude -48.6762 - tem obstaculo: false
2021-11-07T21:45:45.198Z info: latitde: -26.92019 - longitude -48.6762 - tem obstaculo: false
2021-11-07T21:45:48.873Z info: latitde: -26.9202 - longitude -48.67619 - tem obstaculo: false
2021-11-07T21:45:52.580Z info: latitde: -26.9202 - longitude -48.67619 - tem obstaculo: false
2021-11-07T21:45:56.243Z info: latitde: -26.92023 - longitude -48.67621 - tem obstaculo: true
2021-11-07T21:46:01.930Z info: latitde: -26.92024 - longitude -48.67621 - tem obstaculo: true
2021-11-07T21:46:07.676Z info: latitde: -26.92024 - longitude -48.67621 - tem obstaculo: true
2021-11-07T21:46:13.478Z info: latitde: -26.92028 - longitude -48.67621 - tem obstaculo: false
2021-11-07T21:46:18.249Z info: latitde: -26.92032 - longitude -48.6762 - tem obstaculo: false
2021-11-07T21:46:22.984Z info: latitde: -26.92035 - longitude -48.6762 - tem obstaculo: false
2021-11-07T21:46:27.307Z info: latitde: -26.92035 - longitude -48.6762 - tem obstaculo: false
2021-11-07T21:46:31.591Z info: latitde: -26.92037 - longitude -48.67624 - tem obstaculo: false
2021-11-07T21:46:35.351Z info: latitde: -26.92039 - longitude -48.67625 - tem obstaculo: false
2021-11-07T21:46:39.576Z info: latitde: -26.92041 - longitude -48.67622 - tem obstaculo: false
2021-11-07T21:46:44.248Z info: latitde: -26.92043 - longitude -48.67622 - tem obstaculo: false
2021-11-07T21:46:47.846Z info: latitde: -26.92047 - longitude -48.67621 - tem obstaculo: false
2021-11-07T21:46:52.328Z info: latitde: -26.92047 - longitude -48.67621 - tem obstaculo: false
2021-11-07T21:46:56.312Z info: latitde: -26.92052 - longitude -48.67619 - tem obstaculo: false
2021-11-07T21:46:59.932Z info: latitde: -26.92053 - longitude -48.67619 - tem obstaculo: false
2021-11-07T21:47:03.810Z info: latitde: -26.92055 - longitude -48.6762 - tem obstaculo: true
2021-11-07T21:47:10.139Z info: latitde: -26.92055 - longitude -48.6762 - tem obstaculo: true
2021-11-07T21:47:15.848Z info: latitde: -26.92056 - longitude -48.6762 - tem obstaculo: true
2021-11-07T21:47:22.536Z info: latitde: -26.92056 - longitude -48.6762 - tem obstaculo: true
2021-11-07T21:47:28.157Z info: latitde: -26.9206 - longitude -48.67621 - tem obstaculo: false
2021-11-07T21:47:31.878Z info: latitde: -26.92063 - longitude -48.67621 - tem obstaculo: false
2021-11-07T21:47:35.557Z info: latitde: -26.92063 - longitude -48.67621 - tem obstaculo: false
2021-11-07T21:47:39.286Z info: latitde: -26.92066 - longitude -48.6762 - tem obstaculo: false
2021-11-07T21:47:45.496Z info: latitde: -26.92067 - longitude -48.67621 - tem obstaculo: false
2021-11-07T21:47:49.094Z info: latitde: -26.92067 - longitude -48.67621 - tem obstaculo: false
2021-11-07T21:47:52.757Z info: latitde: -26.92072 - longitude -48.67624 - tem obstaculo: false
2021-11-07T21:47:56.479Z info: latitde: -26.92074 - longitude -48.67623 - tem obstaculo: false
2021-11-07T21:48:00.165Z info: latitde: -26.92076 - longitude -48.67623 - tem obstaculo: false
2021-11-07T21:48:03.848Z info: latitde: -26.9208 - longitude -48.67624 - tem obstaculo: false
2021-11-07T21:48:07.524Z info: latitde: -26.9208 - longitude -48.67624 - tem obstaculo: false
2021-11-07T21:48:11.203Z info: latitde: -26.92081 - longitude -48.67623 - tem obstaculo: false
2021-11-07T21:48:14.875Z info: latitde: -26.92083 - longitude -48.67623 - tem obstaculo: false
2021-11-07T21:48:18.611Z info: latitde: -26.92083 - longitude -48.67623 - tem obstaculo: false
2021-11-07T21:48:22.297Z info: latitde: -26.92083 - longitude -48.67625 - tem obstaculo: false
2021-11-07T21:48:25.951Z info: latitde: -26.92084 - longitude -48.67624 - tem obstaculo: false
2021-11-07T21:48:29.653Z info: latitde: -26.92084 - longitude -48.67624 - tem obstaculo: false
2021-11-07T21:48:33.315Z info: latitde: -26.92085 - longitude -48.67624 - tem obstaculo: false
2021-11-07T21:48:36.997Z info: latitde: -26.92084 - longitude -48.67625 - tem obstaculo: false
2021-11-07T21:48:40.689Z info: latitde: -26.92084 - longitude -48.67625 - tem obstaculo: false
2021-11-07T21:48:44.353Z info: latitde: -26.92085 - longitude -48.67626 - tem obstaculo: false
2021-11-07T21:48:48.079Z info: latitde: -26.92085 - longitude -48.67626 - tem obstaculo: false
2021-11-07T21:48:51.752Z info: latitde: -26.92083 - longitude -48.67629 - tem obstaculo: false
2021-11-07T21:48:55.439Z info: latitde: -26.92084 - longitude -48.67629 - tem obstaculo: false
2021-11-07T21:48:59.114Z info: latitde: -26.92083 - longitude -48.67631 - tem obstaculo: false
2021-11-07T21:49:02.884Z info: latitde: -26.9208 - longitude -48.67637 - tem obstaculo: false
2021-11-07T21:49:06.515Z info: latitde: -26.9208 - longitude -48.67637 - tem obstaculo: false
2021-11-07T21:49:10.214Z info: latitde: -26.92079 - longitude -48.67639 - tem obstaculo: false
2021-11-07T21:49:13.876Z info: latitde: -26.92079 - longitude -48.67639 - tem obstaculo: false
2021-11-07T21:49:17.632Z info: latitde: -26.92079 - longitude -48.67639 - tem obstaculo: false
2021-11-07T21:49:21.254Z info: latitde: -26.92077 - longitude -48.67641 - tem obstaculo: false
2021-11-07T21:49:24.954Z info: latitde: -26.92077 - longitude -48.67643 - tem obstaculo: false
2021-11-07T21:49:28.629Z info: latitde: -26.92077 - longitude -48.67643 - tem obstaculo: false
2021-11-07T21:49:32.320Z info: latitde: -26.92079 - longitude -48.67639 - tem obstaculo: false
2021-11-07T21:49:35.990Z info: latitde: -26.9208 - longitude -48.67637 - tem obstaculo: false
2021-11-07T21:49:39.679Z info: latitde: -26.9208 - longitude -48.67637 - tem obstaculo: false
2021-11-07T21:49:43.394Z info: latitde: -26.92081 - longitude -48.67635 - tem obstaculo: false
2021-11-07T21:49:47.074Z info: latitde: -26.92081 - longitude -48.67636 - tem obstaculo: false
2021-11-07T21:49:50.714Z info: latitde: -26.92083 - longitude -48.67636 - tem obstaculo: false
2021-11-07T21:49:54.434Z info: latitde: -26.92084 - longitude -48.67638 - tem obstaculo: false
2021-11-07T21:49:58.146Z info: latitde: -26.92085 - longitude -48.67639 - tem obstaculo: false
2021-11-07T21:50:01.815Z info: latitde: -26.92089 - longitude -48.67638 - tem obstaculo: false
2021-11-07T21:50:05.468Z info: latitde: -26.92089 - longitude -48.67638 - tem obstaculo: false
2021-11-07T21:50:09.174Z info: latitde: -26.92091 - longitude -48.67635 - tem obstaculo: false
2021-11-07T21:50:12.892Z info: latitde: -26.92092 - longitude -48.67632 - tem obstaculo: false
2021-11-07T21:50:16.553Z info: latitde: -26.92092 - longitude -48.67632 - tem obstaculo: false
2021-11-07T21:50:20.234Z info: latitde: -26.92095 - longitude -48.6763 - tem obstaculo: false
2021-11-07T21:50:23.925Z info: latitde: -26.92097 - longitude -48.67629 - tem obstaculo: false
2021-11-07T21:50:27.600Z info: latitde: -26.92097 - longitude -48.67629 - tem obstaculo: false
2021-11-07T21:50:31.272Z info: latitde: -26.921 - longitude -48.67629 - tem obstaculo: false
2021-11-07T21:50:34.966Z info: latitde: -26.92101 - longitude -48.67629 - tem obstaculo: false
2021-11-07T21:50:39.652Z info: latitde: -26.92101 - longitude -48.67629 - tem obstaculo: false
2021-11-07T21:50:43.364Z info: latitde: -26.92103 - longitude -48.67627 - tem obstaculo: false
2021-11-07T21:50:47.077Z info: latitde: -26.92103 - longitude -48.67624 - tem obstaculo: false
2021-11-07T21:50:50.751Z info: latitde: -26.92104 - longitude -48.67622 - tem obstaculo: false
2021-11-07T21:50:54.453Z info: latitde: -26.92104 - longitude -48.67622 - tem obstaculo: false
2021-11-07T21:50:58.114Z info: latitde: -26.92105 - longitude -48.6762 - tem obstaculo: false
2021-11-07T21:51:01.825Z info: latitde: -26.92105 - longitude -48.67619 - tem obstaculo: false
2021-11-07T21:51:05.476Z info: latitde: -26.92105 - longitude -48.67619 - tem obstaculo: false
2021-11-07T21:51:09.152Z info: latitde: -26.92106 - longitude -48.67617 - tem obstaculo: false
2021-11-07T21:51:12.869Z info: latitde: -26.92106 - longitude -48.67617 - tem obstaculo: false
2021-11-07T21:51:16.554Z info: latitde: -26.92106 - longitude -48.67617 - tem obstaculo: false
2021-11-07T21:51:20.245Z info: latitde: -26.92105 - longitude -48.67616 - tem obstaculo: false
2021-11-07T21:51:23.912Z info: latitde: -26.92104 - longitude -48.67616 - tem obstaculo: false
2021-11-07T21:51:27.593Z info: latitde: -26.92104 - longitude -48.67616 - tem obstaculo: false
2021-11-07T21:51:31.276Z info: latitde: -26.92102 - longitude -48.67616 - tem obstaculo: false
2021-11-07T21:51:34.995Z info: latitde: -26.92103 - longitude -48.67615 - tem obstaculo: false
2021-11-07T21:51:38.705Z info: latitde: -26.92103 - longitude -48.67615 - tem obstaculo: false
2021-11-07T21:51:42.350Z info: latitde: -26.92101 - longitude -48.67614 - tem obstaculo: false
2021-11-07T21:51:46.033Z info: latitde: -26.92101 - longitude -48.67611 - tem obstaculo: false
2021-11-07T21:51:49.724Z info: latitde: -26.92102 - longitude -48.6761 - tem obstaculo: false
2021-11-07T21:51:53.430Z info: latitde: -26.92102 - longitude -48.67608 - tem obstaculo: false
2021-11-07T21:51:57.112Z info: latitde: -26.92101 - longitude -48.67607 - tem obstaculo: false
2021-11-07T21:52:00.794Z info: latitde: -26.92101 - longitude -48.67606 - tem obstaculo: false
2021-11-07T21:52:04.474Z info: latitde: -26.92101 - longitude -48.67606 - tem obstaculo: false
2021-11-07T21:52:08.231Z info: latitde: -26.92102 - longitude -48.67604 - tem obstaculo: false
2021-11-07T21:52:11.833Z info: latitde: -26.92103 - longitude -48.67603 - tem obstaculo: false
2021-11-07T21:52:15.508Z info: latitde: -26.92103 - longitude -48.67603 - tem obstaculo: false
2021-11-07T21:52:19.251Z info: latitde: -26.92107 - longitude -48.67603 - tem obstaculo: false
2021-11-07T21:52:22.913Z info: latitde: -26.92108 - longitude -48.67603 - tem obstaculo: false
2021-11-07T21:52:26.594Z info: latitde: -26.92108 - longitude -48.67603 - tem obstaculo: false
2021-11-07T21:52:30.273Z info: latitde: -26.92113 - longitude -48.67602 - tem obstaculo: false
2021-11-07T21:52:33.952Z info: latitde: -26.92106 - longitude -48.67602 - tem obstaculo: false
2021-11-07T21:52:37.655Z info: latitde: -26.92106 - longitude -48.67602 - tem obstaculo: false
2021-11-07T21:52:41.312Z info: latitde: -26.921 - longitude -48.67605 - tem obstaculo: false
2021-11-07T21:52:45.034Z info: latitde: -26.92101 - longitude -48.676 - tem obstaculo: false
2021-11-07T21:52:48.715Z info: latitde: -26.92101 - longitude -48.676 - tem obstaculo: false
2021-11-07T21:52:52.394Z info: latitde: -26.9211 - longitude -48.67593 - tem obstaculo: false
2021-11-07T21:52:56.085Z info: latitde: -26.92111 - longitude -48.67589 - tem obstaculo: false
2021-11-07T21:52:59.748Z info: latitde: -26.92114 - longitude -48.67589 - tem obstaculo: false
2021-11-07T21:53:03.483Z info: latitde: -26.9211 - longitude -48.6759 - tem obstaculo: false
2021-11-07T21:53:07.123Z info: latitde: -26.92106 - longitude -48.6759 - tem obstaculo: false
2021-11-07T21:53:10.713Z info: latitde: -26.92103 - longitude -48.67589 - tem obstaculo: false
2021-11-07T21:53:14.392Z info: latitde: -26.921 - longitude -48.67588 - tem obstaculo: false
2021-11-07T21:53:18.065Z info: latitde: -26.92096 - longitude -48.67587 - tem obstaculo: false
2021-11-07T21:53:21.797Z info: latitde: -26.92094 - longitude -48.67584 - tem obstaculo: false
2021-11-07T21:53:25.472Z info: latitde: -26.92093 - longitude -48.67583 - tem obstaculo: false
2021-11-07T21:53:29.171Z info: latitde: -26.92093 - longitude -48.67582 - tem obstaculo: false
2021-11-07T21:53:32.834Z info: latitde: -26.92091 - longitude -48.6758 - tem obstaculo: false
2021-11-07T21:53:36.513Z info: latitde: -26.92091 - longitude -48.6758 - tem obstaculo: false
2021-11-07T21:53:40.194Z info: latitde: -26.92092 - longitude -48.6758 - tem obstaculo: false
2021-11-07T21:53:43.920Z info: latitde: -26.92092 - longitude -48.6758 - tem obstaculo: false
2021-11-07T21:53:47.593Z info: latitde: -26.92092 - longitude -48.6758 - tem obstaculo: false
2021-11-07T21:53:51.274Z info: latitde: -26.92087 - longitude -48.67582 - tem obstaculo: true
2021-11-07T21:53:59.337Z info: latitde: -26.9209 - longitude -48.67581 - tem obstaculo: false
2021-11-07T21:54:03.127Z info: latitde: -26.9209 - longitude -48.67581 - tem obstaculo: false
2021-11-07T21:54:10.650Z info: latitde: -26.9209 - longitude -48.67581 - tem obstaculo: false
2021-11-07T21:54:15.192Z info: latitde: -26.92086 - longitude -48.6758 - tem obstaculo: true
2021-11-07T21:54:20.926Z info: latitde: -26.92085 - longitude -48.67579 - tem obstaculo: false
2021-11-07T21:54:24.659Z info: latitde: -26.92085 - longitude -48.67579 - tem obstaculo: false
2021-11-07T21:54:28.401Z info: latitde: -26.92079 - longitude -48.67575 - tem obstaculo: false
2021-11-07T21:54:32.133Z info: latitde: -26.92076 - longitude -48.67572 - tem obstaculo: false
2021-11-07T21:54:35.856Z info: latitde: -26.92074 - longitude -48.67571 - tem obstaculo: false
2021-11-07T21:54:39.730Z info: latitde: -26.92073 - longitude -48.67571 - tem obstaculo: false
2021-11-07T21:54:43.278Z info: latitde: -26.9207 - longitude -48.67569 - tem obstaculo: false
2021-11-07T21:54:46.977Z info: latitde: -26.92067 - longitude -48.67569 - tem obstaculo: false
2021-11-07T21:54:50.697Z info: latitde: -26.92067 - longitude -48.67569 - tem obstaculo: false
2021-11-07T21:54:54.366Z info: latitde: -26.92065 - longitude -48.6757 - tem obstaculo: false
2021-11-07T21:54:58.046Z info: latitde: -26.92065 - longitude -48.6757 - tem obstaculo: false
2021-11-07T21:55:01.719Z info: latitde: -26.92064 - longitude -48.6757 - tem obstaculo: false
2021-11-07T21:55:05.393Z info: latitde: -26.92064 - longitude -48.67569 - tem obstaculo: false
2021-11-07T21:55:09.089Z info: latitde: -26.92064 - longitude -48.67569 - tem obstaculo: false
2021-11-07T21:55:12.819Z info: latitde: -26.92064 - longitude -48.6757 - tem obstaculo: false
2021-11-07T21:55:16.497Z info: latitde: -26.92064 - longitude -48.6757 - tem obstaculo: false
2021-11-07T21:55:20.179Z info: latitde: -26.92064 - longitude -48.6757 - tem obstaculo: false
2021-11-07T21:55:23.852Z info: latitde: -26.92064 - longitude -48.6757 - tem obstaculo: false
2021-11-07T21:55:27.520Z info: latitde: -26.92064 - longitude -48.6757 - tem obstaculo: false
2021-11-07T21:55:31.209Z info: latitde: -26.92063 - longitude -48.6757 - tem obstaculo: false
2021-11-07T21:55:34.888Z info: latitde: -26.92062 - longitude -48.67571 - tem obstaculo: false
2021-11-07T21:55:38.560Z info: latitde: -26.92062 - longitude -48.67571 - tem obstaculo: false
2021-11-07T21:55:42.280Z info: latitde: -26.92058 - longitude -48.67572 - tem obstaculo: false
2021-11-07T21:55:45.952Z info: latitde: -26.92057 - longitude -48.67572 - tem obstaculo: false
2021-11-07T21:55:49.646Z info: latitde: -26.92057 - longitude -48.67572 - tem obstaculo: false
2021-11-07T21:55:53.323Z info: latitde: -26.92054 - longitude -48.67571 - tem obstaculo: false
2021-11-07T21:55:57.053Z info: latitde: -26.92053 - longitude -48.6757 - tem obstaculo: false
2021-11-07T21:56:00.728Z info: latitde: -26.92051 - longitude -48.67571 - tem obstaculo: false
2021-11-07T21:56:04.412Z info: latitde: -26.92049 - longitude -48.6757 - tem obstaculo: false
2021-11-07T21:56:08.070Z info: latitde: -26.92049 - longitude -48.67568 - tem obstaculo: false
2021-11-07T21:56:11.772Z info: latitde: -26.92047 - longitude -48.67568 - tem obstaculo: false
2021-11-07T21:56:15.469Z info: latitde: -26.92046 - longitude -48.67567 - tem obstaculo: false
2021-11-07T21:56:19.146Z info: latitde: -26.92044 - longitude -48.67568 - tem obstaculo: false
2021-11-07T21:56:22.834Z info: latitde: -26.92041 - longitude -48.67568 - tem obstaculo: false
2021-11-07T21:56:26.511Z info: latitde: -26.92041 - longitude -48.67568 - tem obstaculo: false
2021-11-07T21:56:30.193Z info: latitde: -26.92039 - longitude -48.67568 - tem obstaculo: false
2021-11-07T21:56:33.871Z info: latitde: -26.92038 - longitude -48.67567 - tem obstaculo: false
2021-11-07T21:56:37.575Z info: latitde: -26.92038 - longitude -48.67567 - tem obstaculo: false
2021-11-07T21:56:41.268Z info: latitde: -26.92036 - longitude -48.67566 - tem obstaculo: false
2021-11-07T21:56:44.956Z info: latitde: -26.92036 - longitude -48.67566 - tem obstaculo: false
2021-11-07T21:56:48.630Z info: latitde: -26.92036 - longitude -48.67566 - tem obstaculo: false
2021-11-07T21:56:52.311Z info: latitde: -26.92036 - longitude -48.67566 - tem obstaculo: false
2021-11-07T21:56:56.009Z info: latitde: -26.92035 - longitude -48.67565 - tem obstaculo: false
2021-11-07T21:56:59.671Z info: latitde: -26.92035 - longitude -48.67565 - tem obstaculo: false
2021-11-07T21:57:03.404Z info: latitde: -26.92035 - longitude -48.67564 - tem obstaculo: false
2021-11-07T21:57:07.064Z info: latitde: -26.92035 - longitude -48.67564 - tem obstaculo: false
2021-11-07T21:57:10.760Z info: latitde: -26.92035 - longitude -48.67564 - tem obstaculo: false
2021-11-07T21:57:14.443Z info: latitde: -26.92034 - longitude -48.67564 - tem obstaculo: false
2021-11-07T21:57:18.104Z info: latitde: -26.92039 - longitude -48.67567 - tem obstaculo: false
2021-11-07T21:57:21.790Z info: latitde: -26.92044 - longitude -48.67571 - tem obstaculo: false
2021-11-07T21:57:25.504Z info: latitde: -26.92044 - longitude -48.67571 - tem obstaculo: false
2021-11-07T21:57:29.209Z info: latitde: -26.92042 - longitude -48.6757 - tem obstaculo: false
2021-11-07T21:57:32.869Z info: latitde: -26.9204 - longitude -48.6757 - tem obstaculo: false
2021-11-07T21:57:36.547Z info: latitde: -26.9204 - longitude -48.6757 - tem obstaculo: false
2021-11-07T21:57:40.227Z info: latitde: -26.92039 - longitude -48.67568 - tem obstaculo: false
2021-11-07T21:57:43.910Z info: latitde: -26.92038 - longitude -48.67567 - tem obstaculo: false
2021-11-07T21:57:47.591Z info: latitde: -26.92038 - longitude -48.67567 - tem obstaculo: false
2021-11-07T21:57:51.311Z info: latitde: -26.92037 - longitude -48.67568 - tem obstaculo: false
2021-11-07T21:57:54.990Z info: latitde: -26.92037 - longitude -48.67568 - tem obstaculo: false
2021-11-07T21:57:58.679Z info: latitde: -26.92037 - longitude -48.67568 - tem obstaculo: false
2021-11-07T21:58:02.401Z info: latitde: -26.92037 - longitude -48.67567 - tem obstaculo: false
2021-11-07T21:58:06.033Z info: latitde: -26.92037 - longitude -48.67566 - tem obstaculo: false
2021-11-07T21:58:09.746Z info: latitde: -26.92037 - longitude -48.67565 - tem obstaculo: false
2021-11-07T21:58:13.458Z info: latitde: -26.92037 - longitude -48.67565 - tem obstaculo: false
2021-11-07T21:58:19.560Z info: latitde: -26.92036 - longitude -48.67566 - tem obstaculo: false
2021-11-07T21:58:23.230Z info: latitde: -26.92036 - longitude -48.67565 - tem obstaculo: false
2021-11-07T21:58:26.949Z info: latitde: -26.92036 - longitude -48.67565 - tem obstaculo: false
2021-11-07T21:58:30.648Z info: latitde: -26.92036 - longitude -48.67565 - tem obstaculo: false
2021-11-07T21:58:34.304Z info: latitde: -26.92034 - longitude -48.67566 - tem obstaculo: false
2021-11-07T21:58:37.991Z info: latitde: -26.92033 - longitude -48.67566 - tem obstaculo: false
2021-11-07T21:58:41.675Z info: latitde: -26.92033 - longitude -48.67566 - tem obstaculo: false
2021-11-07T21:58:45.347Z info: latitde: -26.92029 - longitude -48.67566 - tem obstaculo: false
2021-11-07T21:58:49.026Z info: latitde: -26.92028 - longitude -48.67566 - tem obstaculo: false
2021-11-07T21:58:52.748Z info: latitde: -26.92026 - longitude -48.67566 - tem obstaculo: false
2021-11-07T21:58:56.425Z info: latitde: -26.92024 - longitude -48.67566 - tem obstaculo: false
2021-11-07T21:59:00.102Z info: latitde: -26.92023 - longitude -48.67566 - tem obstaculo: false
2021-11-07T21:59:03.783Z info: latitde: -26.9202 - longitude -48.67566 - tem obstaculo: false
2021-11-07T21:59:07.479Z info: latitde: -26.9202 - longitude -48.67566 - tem obstaculo: false
2021-11-07T21:59:11.167Z info: latitde: -26.92019 - longitude -48.67566 - tem obstaculo: false
2021-11-07T21:59:14.882Z info: latitde: -26.92019 - longitude -48.67566 - tem obstaculo: false
2021-11-07T21:59:18.553Z info: latitde: -26.92019 - longitude -48.67566 - tem obstaculo: false
2021-11-07T21:59:27.642Z info: latitde: -26.92015 - longitude -48.67566 - tem obstaculo: false
2021-11-07T21:59:32.526Z info: latitde: -26.92013 - longitude -48.67565 - tem obstaculo: false
2021-11-07T21:59:36.138Z info: latitde: -26.92011 - longitude -48.67565 - tem obstaculo: false
2021-11-07T21:59:39.862Z info: latitde: -26.9201 - longitude -48.67566 - tem obstaculo: false
2021-11-07T21:59:43.516Z info: latitde: -26.9201 - longitude -48.67566 - tem obstaculo: false
2021-11-07T21:59:47.196Z info: latitde: -26.9201 - longitude -48.67565 - tem obstaculo: false
2021-11-07T21:59:50.908Z info: latitde: -26.92009 - longitude -48.67565 - tem obstaculo: false
2021-11-07T21:59:54.573Z info: latitde: -26.92009 - longitude -48.67565 - tem obstaculo: false
2021-11-07T21:59:58.269Z info: latitde: -26.92007 - longitude -48.67564 - tem obstaculo: false
2021-11-07T22:00:01.930Z info: latitde: -26.92006 - longitude -48.67564 - tem obstaculo: false
2021-11-07T22:00:05.628Z info: latitde: -26.92006 - longitude -48.67564 - tem obstaculo: false
2021-11-07T22:00:09.332Z info: latitde: -26.92002 - longitude -48.67565 - tem obstaculo: false
2021-11-07T22:00:12.997Z info: latitde: -26.92001 - longitude -48.67568 - tem obstaculo: false
2021-11-07T22:00:16.699Z info: latitde: -26.91997 - longitude -48.67568 - tem obstaculo: false
2021-11-07T22:00:20.422Z info: latitde: -26.91994 - longitude -48.67568 - tem obstaculo: false
2021-11-07T22:00:24.063Z info: latitde: -26.91991 - longitude -48.67566 - tem obstaculo: false
2021-11-07T22:00:27.758Z info: latitde: -26.91988 - longitude -48.67564 - tem obstaculo: false
2021-11-07T22:00:31.443Z info: latitde: -26.91986 - longitude -48.67564 - tem obstaculo: false
2021-11-07T22:00:35.117Z info: latitde: -26.91983 - longitude -48.67563 - tem obstaculo: false
2021-11-07T22:00:38.830Z info: latitde: -26.91979 - longitude -48.67562 - tem obstaculo: false
2021-11-07T22:00:42.498Z info: latitde: -26.91979 - longitude -48.67562 - tem obstaculo: false
2021-11-07T22:00:46.175Z info: latitde: -26.91978 - longitude -48.67564 - tem obstaculo: false
2021-11-07T22:00:49.866Z info: latitde: -26.91976 - longitude -48.67562 - tem obstaculo: false
2021-11-07T22:00:53.561Z info: latitde: -26.91976 - longitude -48.67562 - tem obstaculo: false
2021-11-07T22:00:57.235Z info: latitde: -26.91973 - longitude -48.67559 - tem obstaculo: false
2021-11-07T22:01:00.940Z info: latitde: -26.91972 - longitude -48.67558 - tem obstaculo: false
2021-11-07T22:01:04.724Z info: latitde: -26.91972 - longitude -48.67558 - tem obstaculo: false
2021-11-07T22:01:08.314Z info: latitde: -26.91973 - longitude -48.67559 - tem obstaculo: false
2021-11-07T22:01:11.973Z info: latitde: -26.91973 - longitude -48.6756 - tem obstaculo: false
2021-11-07T22:01:15.716Z info: latitde: -26.91973 - longitude -48.6756 - tem obstaculo: false
2021-11-07T22:01:19.373Z info: latitde: -26.91972 - longitude -48.67558 - tem obstaculo: false
2021-11-07T22:01:23.064Z info: latitde: -26.91973 - longitude -48.6756 - tem obstaculo: false
2021-11-07T22:01:26.746Z info: latitde: -26.91974 - longitude -48.67563 - tem obstaculo: false
2021-11-07T22:01:30.465Z info: latitde: -26.91975 - longitude -48.67564 - tem obstaculo: false
2021-11-07T22:01:34.122Z info: latitde: -26.91975 - longitude -48.67564 - tem obstaculo: false
2021-11-07T22:01:37.790Z info: latitde: -26.91976 - longitude -48.67565 - tem obstaculo: false
2021-11-07T22:01:41.491Z info: latitde: -26.91976 - longitude -48.67565 - tem obstaculo: false
2021-11-07T22:01:45.181Z info: latitde: -26.91977 - longitude -48.67566 - tem obstaculo: false
2021-11-07T22:01:48.844Z info: latitde: -26.91976 - longitude -48.67566 - tem obstaculo: false
2021-11-07T22:01:52.546Z info: latitde: -26.91976 - longitude -48.67566 - tem obstaculo: false
2021-11-07T22:01:56.269Z info: latitde: -26.91975 - longitude -48.67566 - tem obstaculo: false
2021-11-07T22:01:59.926Z info: latitde: -26.91974 - longitude -48.67566 - tem obstaculo: true
2021-11-07T22:02:05.610Z info: latitde: -26.91974 - longitude -48.67566 - tem obstaculo: true
2021-11-07T22:02:16.967Z info: latitde: -26.91973 - longitude -48.67566 - tem obstaculo: true
2021-11-07T22:02:21.274Z info: latitde: -26.9197 - longitude -48.67565 - tem obstaculo: false
2021-11-07T22:02:24.914Z info: latitde: -26.91966 - longitude -48.67564 - tem obstaculo: false
2021-11-07T22:02:28.590Z info: latitde: -26.91966 - longitude -48.67564 - tem obstaculo: false
2021-11-07T22:02:32.256Z info: latitde: -26.91961 - longitude -48.67563 - tem obstaculo: false
2021-11-07T22:02:35.970Z info: latitde: -26.91959 - longitude -48.67563 - tem obstaculo: false
2021-11-07T22:02:39.642Z info: latitde: -26.91959 - longitude -48.67563 - tem obstaculo: false
2021-11-07T22:02:43.321Z info: latitde: -26.91956 - longitude -48.67562 - tem obstaculo: false
2021-11-07T22:02:47.034Z info: latitde: -26.91954 - longitude -48.67561 - tem obstaculo: false
2021-11-07T22:02:50.743Z info: latitde: -26.91952 - longitude -48.67561 - tem obstaculo: false
2021-11-07T22:02:54.396Z info: latitde: -26.91949 - longitude -48.67562 - tem obstaculo: false
2021-11-07T22:02:58.054Z info: latitde: -26.91947 - longitude -48.67563 - tem obstaculo: false
2021-11-07T22:03:01.768Z info: latitde: -26.91945 - longitude -48.67563 - tem obstaculo: false
2021-11-07T22:03:05.441Z info: latitde: -26.91944 - longitude -48.67564 - tem obstaculo: false
2021-11-07T22:03:09.123Z info: latitde: -26.91942 - longitude -48.67564 - tem obstaculo: false
2021-11-07T22:03:12.818Z info: latitde: -26.9194 - longitude -48.67563 - tem obstaculo: false
2021-11-07T22:03:16.480Z info: latitde: -26.9194 - longitude -48.67563 - tem obstaculo: false
2021-11-07T22:03:20.232Z info: latitde: -26.91939 - longitude -48.67564 - tem obstaculo: false
2021-11-07T22:03:23.905Z info: latitde: -26.9194 - longitude -48.67563 - tem obstaculo: false
2021-11-07T22:03:27.584Z info: latitde: -26.9194 - longitude -48.67563 - tem obstaculo: false
2021-11-07T22:03:31.260Z info: latitde: -26.9194 - longitude -48.67562 - tem obstaculo: false
2021-11-07T22:03:34.951Z info: latitde: -26.91939 - longitude -48.67562 - tem obstaculo: false
2021-11-07T22:03:38.616Z info: latitde: -26.91939 - longitude -48.67562 - tem obstaculo: false
2021-11-07T22:03:42.300Z info: latitde: -26.91939 - longitude -48.67561 - tem obstaculo: false
2021-11-07T22:03:46.837Z info: latitde: -26.91939 - longitude -48.67561 - tem obstaculo: false
2021-11-07T22:03:50.504Z info: latitde: -26.91939 - longitude -48.67561 - tem obstaculo: false
2021-11-07T22:03:54.188Z info: latitde: -26.9194 - longitude -48.6756 - tem obstaculo: false
2021-11-07T22:03:57.855Z info: latitde: -26.9194 - longitude -48.6756 - tem obstaculo: false
2021-11-07T22:04:01.572Z info: latitde: -26.9194 - longitude -48.6756 - tem obstaculo: false
2021-11-07T22:04:05.251Z info: latitde: -26.91941 - longitude -48.6756 - tem obstaculo: false
2021-11-07T22:04:08.954Z info: latitde: -26.91942 - longitude -48.67559 - tem obstaculo: false
2021-11-07T22:04:12.614Z info: latitde: -26.91942 - longitude -48.67559 - tem obstaculo: false
2021-11-07T22:04:16.312Z info: latitde: -26.91942 - longitude -48.67561 - tem obstaculo: false
2021-11-07T22:04:20.016Z info: latitde: -26.91941 - longitude -48.67562 - tem obstaculo: false
2021-11-07T22:04:23.723Z info: latitde: -26.91941 - longitude -48.67562 - tem obstaculo: false
2021-11-07T22:04:27.366Z info: latitde: -26.9194 - longitude -48.67563 - tem obstaculo: false
2021-11-07T22:04:31.065Z info: latitde: -26.9194 - longitude -48.67563 - tem obstaculo: false
2021-11-07T22:04:34.731Z info: latitde: -26.91939 - longitude -48.67565 - tem obstaculo: false
2021-11-07T22:04:38.409Z info: latitde: -26.91938 - longitude -48.67565 - tem obstaculo: false
2021-11-07T22:04:42.154Z info: latitde: -26.91938 - longitude -48.67565 - tem obstaculo: false
2021-11-07T22:04:45.810Z info: latitde: -26.91937 - longitude -48.67564 - tem obstaculo: false
2021-11-07T22:04:49.493Z info: latitde: -26.91937 - longitude -48.67564 - tem obstaculo: false
2021-11-07T22:04:53.171Z info: latitde: -26.91938 - longitude -48.67564 - tem obstaculo: false
2021-11-07T22:04:56.873Z info: latitde: -26.91938 - longitude -48.67562 - tem obstaculo: false
2021-11-07T22:05:00.526Z info: latitde: -26.91938 - longitude -48.67562 - tem obstaculo: false
2021-11-07T22:05:04.240Z info: latitde: -26.91938 - longitude -48.67562 - tem obstaculo: false
2021-11-07T22:05:07.949Z info: latitde: -26.91938 - longitude -48.67562 - tem obstaculo: false
2021-11-07T22:05:11.610Z info: latitde: -26.91938 - longitude -48.67562 - tem obstaculo: false
2021-11-07T22:05:15.287Z info: latitde: -26.91937 - longitude -48.67561 - tem obstaculo: false
2021-11-07T22:05:18.973Z info: latitde: -26.91937 - longitude -48.6756 - tem obstaculo: false
2021-11-07T22:05:22.648Z info: latitde: -26.91937 - longitude -48.6756 - tem obstaculo: false
2021-11-07T22:05:26.357Z info: latitde: -26.91937 - longitude -48.67559 - tem obstaculo: false
2021-11-07T22:05:30.018Z info: latitde: -26.91937 - longitude -48.67557 - tem obstaculo: false
2021-11-07T22:05:33.726Z info: latitde: -26.91937 - longitude -48.67556 - tem obstaculo: false
2021-11-07T22:05:37.395Z info: latitde: -26.91936 - longitude -48.67557 - tem obstaculo: false
2021-11-07T22:05:41.087Z info: latitde: -26.91934 - longitude -48.67558 - tem obstaculo: false
2021-11-07T22:05:54.869Z info: latitde: -26.9193 - longitude -48.6756 - tem obstaculo: false
2021-11-07T22:05:58.495Z info: latitde: -26.9193 - longitude -48.6756 - tem obstaculo: false
2021-11-07T22:06:02.179Z info: latitde: -26.91928 - longitude -48.67561 - tem obstaculo: false
2021-11-07T22:06:05.858Z info: latitde: -26.91927 - longitude -48.67563 - tem obstaculo: false
2021-11-07T22:06:09.543Z info: latitde: -26.91927 - longitude -48.67563 - tem obstaculo: false
2021-11-07T22:06:13.256Z info: latitde: -26.91926 - longitude -48.67569 - tem obstaculo: false
2021-11-07T22:06:16.952Z info: latitde: -26.91926 - longitude -48.6757 - tem obstaculo: false
2021-11-07T22:06:20.618Z info: latitde: -26.91926 - longitude -48.6757 - tem obstaculo: false
2021-11-07T22:06:24.299Z info: latitde: -26.91922 - longitude -48.67572 - tem obstaculo: false
2021-11-07T22:06:27.977Z info: latitde: -26.9192 - longitude -48.67572 - tem obstaculo: false
2021-11-07T22:06:31.715Z info: latitde: -26.9192 - longitude -48.67572 - tem obstaculo: false
2021-11-07T22:06:35.385Z info: latitde: -26.91917 - longitude -48.67575 - tem obstaculo: false
2021-11-07T22:06:39.062Z info: latitde: -26.91917 - longitude -48.67576 - tem obstaculo: false
2021-11-07T22:06:42.739Z info: latitde: -26.91918 - longitude -48.67579 - tem obstaculo: false
2021-11-07T22:06:46.416Z info: latitde: -26.91917 - longitude -48.67581 - tem obstaculo: false
2021-11-07T22:06:50.097Z info: latitde: -26.91918 - longitude -48.67584 - tem obstaculo: false
2021-11-07T22:06:53.817Z info: latitde: -26.91918 - longitude -48.67587 - tem obstaculo: false
2021-11-07T22:06:57.498Z info: latitde: -26.91918 - longitude -48.67587 - tem obstaculo: false
2021-11-07T22:07:01.171Z info: latitde: -26.91919 - longitude -48.67587 - tem obstaculo: false
2021-11-07T22:07:04.851Z info: latitde: -26.9192 - longitude -48.67587 - tem obstaculo: false
2021-11-07T22:07:08.540Z info: latitde: -26.9192 - longitude -48.67587 - tem obstaculo: false
2021-11-07T22:07:12.217Z info: latitde: -26.91921 - longitude -48.67587 - tem obstaculo: false
2021-11-07T22:07:15.897Z info: latitde: -26.91921 - longitude -48.67587 - tem obstaculo: false
2021-11-07T22:07:19.616Z info: latitde: -26.91921 - longitude -48.67587 - tem obstaculo: false
2021-11-07T22:07:23.299Z info: latitde: -26.91923 - longitude -48.67587 - tem obstaculo: false
2021-11-07T22:07:26.998Z info: latitde: -26.91924 - longitude -48.67588 - tem obstaculo: false
2021-11-07T22:07:30.658Z info: latitde: -26.91924 - longitude -48.67588 - tem obstaculo: false
2021-11-07T22:07:34.336Z info: latitde: -26.91923 - longitude -48.67587 - tem obstaculo: false
2021-11-07T22:07:38.020Z info: latitde: -26.91922 - longitude -48.67587 - tem obstaculo: false
2021-11-07T22:07:41.743Z info: latitde: -26.91923 - longitude -48.67587 - tem obstaculo: false
2021-11-07T22:07:45.419Z info: latitde: -26.91923 - longitude -48.67587 - tem obstaculo: false
2021-11-07T22:07:49.095Z info: latitde: -26.91924 - longitude -48.67588 - tem obstaculo: false
2021-11-07T22:07:52.778Z info: latitde: -26.91923 - longitude -48.67588 - tem obstaculo: false
2021-11-07T22:07:56.497Z info: latitde: -26.91923 - longitude -48.67587 - tem obstaculo: false
2021-11-07T22:08:00.133Z info: latitde: -26.91927 - longitude -48.67588 - tem obstaculo: false
2021-11-07T22:08:03.851Z info: latitde: -26.91932 - longitude -48.6759 - tem obstaculo: false
2021-11-07T22:08:07.520Z info: latitde: -26.91932 - longitude -48.6759 - tem obstaculo: false
2021-11-07T22:08:11.217Z info: latitde: -26.9193 - longitude -48.67588 - tem obstaculo: false
2021-11-07T22:08:14.897Z info: latitde: -26.91929 - longitude -48.67588 - tem obstaculo: false
2021-11-07T22:08:18.592Z info: latitde: -26.91929 - longitude -48.67588 - tem obstaculo: false
2021-11-07T22:08:22.256Z info: latitde: -26.91927 - longitude -48.67588 - tem obstaculo: false
2021-11-07T22:08:25.940Z info: latitde: -26.91926 - longitude -48.67588 - tem obstaculo: false
2021-11-07T22:08:29.666Z info: latitde: -26.91926 - longitude -48.67588 - tem obstaculo: false
2021-11-07T22:08:33.335Z info: latitde: -26.91925 - longitude -48.67588 - tem obstaculo: false
2021-11-07T22:08:38.835Z info: latitde: -26.91925 - longitude -48.67587 - tem obstaculo: false
2021-11-07T22:08:42.541Z info: latitde: -26.91924 - longitude -48.67587 - tem obstaculo: false
2021-11-07T22:08:46.215Z info: latitde: -26.91924 - longitude -48.67588 - tem obstaculo: false
2021-11-07T22:08:49.954Z info: latitde: -26.91923 - longitude -48.67588 - tem obstaculo: false
2021-11-07T22:08:53.621Z info: latitde: -26.91923 - longitude -48.67588 - tem obstaculo: false
2021-11-07T22:08:57.320Z info: latitde: -26.91923 - longitude -48.67588 - tem obstaculo: false
2021-11-07T22:09:00.974Z info: latitde: -26.91924 - longitude -48.67588 - tem obstaculo: false
2021-11-07T22:09:04.657Z info: latitde: -26.91924 - longitude -48.67588 - tem obstaculo: false
2021-11-07T22:09:08.377Z info: latitde: -26.91924 - longitude -48.67588 - tem obstaculo: false
2021-11-07T22:09:12.056Z info: latitde: -26.91924 - longitude -48.67588 - tem obstaculo: false
2021-11-07T22:09:15.733Z info: latitde: -26.91924 - longitude -48.67587 - tem obstaculo: false
2021-11-07T22:09:19.418Z info: latitde: -26.91924 - longitude -48.67587 - tem obstaculo: false
2021-11-07T22:09:23.096Z info: latitde: -26.91924 - longitude -48.67587 - tem obstaculo: false
2021-11-07T22:09:26.777Z info: latitde: -26.91924 - longitude -48.67586 - tem obstaculo: false
2021-11-07T22:09:30.451Z info: latitde: -26.91924 - longitude -48.67586 - tem obstaculo: false
2021-11-07T22:09:34.137Z info: latitde: -26.91923 - longitude -48.67586 - tem obstaculo: false
2021-11-07T22:09:37.877Z info: latitde: -26.91923 - longitude -48.67586 - tem obstaculo: false
2021-11-07T22:09:41.536Z info: latitde: -26.91923 - longitude -48.67586 - tem obstaculo: false
2021-11-07T22:09:45.214Z info: latitde: -26.91923 - longitude -48.67586 - tem obstaculo: false
2021-11-07T22:09:48.889Z info: latitde: -26.91923 - longitude -48.67586 - tem obstaculo: false
2021-11-07T22:09:52.580Z info: latitde: -26.91923 - longitude -48.67586 - tem obstaculo: false
2021-11-07T22:09:56.291Z info: latitde: -26.91923 - longitude -48.67587 - tem obstaculo: false
2021-11-07T22:09:59.977Z info: latitde: -26.91923 - longitude -48.67587 - tem obstaculo: false
2021-11-07T22:10:03.653Z info: latitde: -26.91923 - longitude -48.67587 - tem obstaculo: false
2021-11-07T22:10:07.358Z info: latitde: -26.91923 - longitude -48.67587 - tem obstaculo: false
2021-11-07T22:10:11.016Z info: latitde: -26.91922 - longitude -48.67588 - tem obstaculo: false
2021-11-07T22:10:14.695Z info: latitde: -26.91922 - longitude -48.67588 - tem obstaculo: false
2021-11-07T22:10:18.376Z info: latitde: -26.91922 - longitude -48.67588 - tem obstaculo: false
2021-11-07T22:10:22.098Z info: latitde: -26.91917 - longitude -48.67588 - tem obstaculo: false
2021-11-07T22:10:25.779Z info: latitde: -26.91915 - longitude -48.67591 - tem obstaculo: false
2021-11-07T22:10:29.452Z info: latitde: -26.91915 - longitude -48.67591 - tem obstaculo: false
2021-11-07T22:10:33.137Z info: latitde: -26.91919 - longitude -48.6759 - tem obstaculo: false
2021-11-07T22:10:36.815Z info: latitde: -26.91919 - longitude -48.67591 - tem obstaculo: false
2021-11-07T22:10:40.511Z info: latitde: -26.91919 - longitude -48.67591 - tem obstaculo: false
2021-11-07T22:10:44.210Z info: latitde: -26.91922 - longitude -48.67593 - tem obstaculo: false
2021-11-07T22:10:47.918Z info: latitde: -26.91922 - longitude -48.67592 - tem obstaculo: false
2021-11-07T22:10:51.579Z info: latitde: -26.91922 - longitude -48.67592 - tem obstaculo: false
2021-11-07T22:10:55.257Z info: latitde: -26.91922 - longitude -48.67593 - tem obstaculo: false
2021-11-07T22:10:58.936Z info: latitde: -26.91923 - longitude -48.67596 - tem obstaculo: false
2021-11-07T22:11:02.616Z info: latitde: -26.91923 - longitude -48.67596 - tem obstaculo: false
2021-11-07T22:11:06.299Z info: latitde: -26.91922 - longitude -48.67597 - tem obstaculo: false
2021-11-07T22:11:10.013Z info: latitde: -26.91921 - longitude -48.67599 - tem obstaculo: false
2021-11-07T22:11:13.772Z info: latitde: -26.91921 - longitude -48.67599 - tem obstaculo: false
2021-11-07T22:11:17.393Z info: latitde: -26.91921 - longitude -48.67601 - tem obstaculo: false
2021-11-07T22:11:21.103Z info: latitde: -26.91918 - longitude -48.67606 - tem obstaculo: false
2021-11-07T22:11:24.785Z info: latitde: -26.91919 - longitude -48.67607 - tem obstaculo: false
2021-11-07T22:11:28.461Z info: latitde: -26.9192 - longitude -48.67608 - tem obstaculo: false
2021-11-07T22:11:32.138Z info: latitde: -26.9192 - longitude -48.6761 - tem obstaculo: false
2021-11-07T22:11:35.840Z info: latitde: -26.91924 - longitude -48.6761 - tem obstaculo: false
2021-11-07T22:11:39.498Z info: latitde: -26.91924 - longitude -48.6761 - tem obstaculo: false
2021-11-07T22:11:43.177Z info: latitde: -26.91925 - longitude -48.67611 - tem obstaculo: false
2021-11-07T22:11:49.336Z info: latitde: -26.91927 - longitude -48.67612 - tem obstaculo: false
2021-11-07T22:11:53.014Z info: latitde: -26.91927 - longitude -48.67612 - tem obstaculo: false
2021-11-07T22:11:56.681Z info: latitde: -26.91927 - longitude -48.67612 - tem obstaculo: false
2021-11-07T22:12:00.357Z info: latitde: -26.91931 - longitude -48.67616 - tem obstaculo: false
2021-11-07T22:12:04.073Z info: latitde: -26.91933 - longitude -48.67617 - tem obstaculo: false
2021-11-07T22:12:09.893Z info: latitde: -26.91935 - longitude -48.67618 - tem obstaculo: false
2021-11-07T22:12:13.496Z info: latitde: -26.91936 - longitude -48.67618 - tem obstaculo: false
2021-11-07T22:12:17.171Z info: latitde: -26.91939 - longitude -48.67618 - tem obstaculo: false
2021-11-07T22:12:20.860Z info: latitde: -26.91939 - longitude -48.6762 - tem obstaculo: false
2021-11-07T22:12:24.554Z info: latitde: -26.91939 - longitude -48.6762 - tem obstaculo: false
2021-11-07T22:12:28.239Z info: latitde: -26.91943 - longitude -48.67619 - tem obstaculo: false
2021-11-07T22:12:31.921Z info: latitde: -26.91945 - longitude -48.67618 - tem obstaculo: false
2021-11-07T22:12:35.603Z info: latitde: -26.91945 - longitude -48.67618 - tem obstaculo: false
2021-11-07T22:12:39.300Z info: latitde: -26.91949 - longitude -48.67615 - tem obstaculo: false
2021-11-07T22:12:43.000Z info: latitde: -26.91952 - longitude -48.67615 - tem obstaculo: false
2021-11-07T22:12:46.673Z info: latitde: -26.91952 - longitude -48.67615 - tem obstaculo: false
2021-11-07T22:12:50.355Z info: latitde: -26.91954 - longitude -48.67616 - tem obstaculo: false
2021-11-07T22:12:54.067Z info: latitde: -26.91955 - longitude -48.67617 - tem obstaculo: false
2021-11-07T22:12:57.749Z info: latitde: -26.91955 - longitude -48.67617 - tem obstaculo: false
2021-11-07T22:13:01.443Z info: latitde: -26.91955 - longitude -48.67617 - tem obstaculo: false
2021-11-07T22:13:05.134Z info: latitde: -26.91955 - longitude -48.67617 - tem obstaculo: false
2021-11-07T22:13:08.882Z info: latitde: -26.91955 - longitude -48.67617 - tem obstaculo: false
2021-11-07T22:13:12.551Z info: latitde: -26.91955 - longitude -48.67617 - tem obstaculo: false
2021-11-07T22:13:16.308Z info: latitde: -26.91955 - longitude -48.67618 - tem obstaculo: false
2021-11-07T22:13:19.948Z info: latitde: -26.91954 - longitude -48.67619 - tem obstaculo: false
2021-11-07T22:13:23.632Z info: latitde: -26.91954 - longitude -48.67619 - tem obstaculo: false
2021-11-07T22:13:27.312Z info: latitde: -26.91953 - longitude -48.67619 - tem obstaculo: false
2021-11-07T22:13:31.009Z info: latitde: -26.91952 - longitude -48.6762 - tem obstaculo: false
2021-11-07T22:13:34.711Z info: latitde: -26.91952 - longitude -48.6762 - tem obstaculo: false
2021-11-07T22:13:38.394Z info: latitde: -26.91948 - longitude -48.6762 - tem obstaculo: false
2021-11-07T22:13:42.073Z info: latitde: -26.91948 - longitude -48.6762 - tem obstaculo: false
2021-11-07T22:13:45.750Z info: latitde: -26.91948 - longitude -48.6762 - tem obstaculo: false
2021-11-07T22:13:49.429Z info: latitde: -26.91948 - longitude -48.67621 - tem obstaculo: false
2021-11-07T22:13:53.492Z info: latitde: -26.91948 - longitude -48.6762 - tem obstaculo: false
2021-11-07T22:13:57.232Z info: latitde: -26.91951 - longitude -48.67621 - tem obstaculo: false
2021-11-07T22:14:00.913Z info: latitde: -26.91951 - longitude -48.67622 - tem obstaculo: false
2021-11-07T22:14:04.649Z info: latitde: -26.91951 - longitude -48.67622 - tem obstaculo: false
2021-11-07T22:14:08.290Z info: latitde: -26.91954 - longitude -48.67622 - tem obstaculo: false
2021-11-07T22:14:11.960Z info: latitde: -26.91956 - longitude -48.67621 - tem obstaculo: false
2021-11-07T22:14:15.546Z info: latitde: -26.91956 - longitude -48.67621 - tem obstaculo: false
2021-11-07T22:14:19.127Z info: latitde: -26.91958 - longitude -48.6762 - tem obstaculo: false
2021-11-07T22:14:22.813Z info: latitde: -26.91959 - longitude -48.6762 - tem obstaculo: false
2021-11-07T22:14:26.512Z info: latitde: -26.91959 - longitude -48.6762 - tem obstaculo: false
2021-11-07T22:14:30.192Z info: latitde: -26.9196 - longitude -48.6762 - tem obstaculo: false
2021-11-07T22:14:33.788Z info: latitde: -26.91961 - longitude -48.6762 - tem obstaculo: false
2021-11-07T22:14:37.348Z info: latitde: -26.91961 - longitude -48.6762 - tem obstaculo: false
2021-11-07T22:14:41.030Z info: latitde: -26.91959 - longitude -48.6762 - tem obstaculo: false
2021-11-07T22:14:44.708Z info: latitde: -26.91957 - longitude -48.67619 - tem obstaculo: false
2021-11-07T22:14:48.406Z info: latitde: -26.91956 - longitude -48.67619 - tem obstaculo: false
2021-11-07T22:14:52.093Z info: latitde: -26.91956 - longitude -48.6762 - tem obstaculo: false
2021-11-07T22:14:55.768Z info: latitde: -26.91955 - longitude -48.67622 - tem obstaculo: false
2021-11-07T22:14:59.468Z info: latitde: -26.91955 - longitude -48.67622 - tem obstaculo: false
2021-11-07T22:15:03.162Z info: latitde: -26.91955 - longitude -48.67622 - tem obstaculo: false
2021-11-07T22:15:06.831Z info: latitde: -26.91955 - longitude -48.67622 - tem obstaculo: false
2021-11-07T22:15:10.528Z info: latitde: -26.91955 - longitude -48.67622 - tem obstaculo: false
2021-11-07T22:15:14.231Z info: latitde: -26.91953 - longitude -48.67621 - tem obstaculo: false
2021-11-07T22:15:17.928Z info: latitde: -26.91952 - longitude -48.67621 - tem obstaculo: false
2021-11-07T22:15:21.587Z info: latitde: -26.91952 - longitude -48.67621 - tem obstaculo: false
2021-11-07T22:15:25.270Z info: latitde: -26.91949 - longitude -48.67622 - tem obstaculo: false
2021-11-07T22:15:28.971Z info: latitde: -26.91946 - longitude -48.67622 - tem obstaculo: false
2021-11-07T22:15:32.766Z info: latitde: -26.91946 - longitude -48.67622 - tem obstaculo: false
2021-11-07T22:15:36.361Z info: latitde: -26.91942 - longitude -48.67624 - tem obstaculo: false
2021-11-07T22:15:40.055Z info: latitde: -26.9194 - longitude -48.67629 - tem obstaculo: false
2021-11-07T22:15:43.730Z info: latitde: -26.91941 - longitude -48.6763 - tem obstaculo: false
2021-11-07T22:15:47.433Z info: latitde: -26.91939 - longitude -48.67632 - tem obstaculo: false
2021-11-07T22:15:51.127Z info: latitde: -26.91941 - longitude -48.67633 - tem obstaculo: false
2021-11-07T22:15:54.793Z info: latitde: -26.91954 - longitude -48.67623 - tem obstaculo: false
2021-11-07T22:15:58.455Z info: latitde: -26.91954 - longitude -48.67623 - tem obstaculo: false
2021-11-07T22:16:02.138Z info: latitde: -26.9197 - longitude -48.67625 - tem obstaculo: false
2021-11-07T22:16:05.858Z info: latitde: -26.9197 - longitude -48.67625 - tem obstaculo: false
2021-11-07T22:16:09.565Z info: latitde: -26.9197 - longitude -48.67625 - tem obstaculo: false
2021-11-07T22:16:13.221Z info: latitde: -26.9197 - longitude -48.67636 - tem obstaculo: false
2021-11-07T22:16:16.897Z info: latitde: -26.91969 - longitude -48.67638 - tem obstaculo: false
2021-11-07T22:16:20.579Z info: latitde: -26.91969 - longitude -48.67638 - tem obstaculo: false
2021-11-07T22:16:24.263Z info: latitde: -26.91964 - longitude -48.67633 - tem obstaculo: false
2021-11-07T22:16:27.943Z info: latitde: -26.91959 - longitude -48.67637 - tem obstaculo: false
2021-11-07T22:16:31.676Z info: latitde: -26.91959 - longitude -48.67637 - tem obstaculo: false
